$ openssl s_client -showcerts -connect login.live.com:443 < /dev/null
CONNECTED(00000003)
depth=0 /C=cn/O=hotmail.com/CN=hotmai.com
verify error:num=20:unable to get local issuer certificate
verify return:1
depth=0 /C=cn/O=hotmail.com/CN=hotmai.com
verify error:num=21:unable to verify the first certificate
verify return:1
---
Certificate chain
 0 s:/C=cn/O=hotmail.com/CN=hotmai.com
   i:/C=cn/O=hotmail.com/CN=hotmai.com
-----BEGIN CERTIFICATE-----
MIICYjCCAcugAwIBAgIBKTANBgkqhkiG9w0BAQQFADA4MQswCQYDVQQGEwJjbjEU
MBIGA1UEChMLaG90bWFpbC5jb20xEzARBgNVBAMTCmhvdG1haS5jb20wHhcNMTQw
OTIzMTEzNDAzWhcNMTUwOTIzMTEzNDAzWjA4MQswCQYDVQQGEwJjbjEUMBIGA1UE
ChMLaG90bWFpbC5jb20xEzARBgNVBAMTCmhvdG1haS5jb20wgZ8wDQYJKoZIhvcN
AQEBBQADgY0AMIGJAoGBAJ0A+/fnNmwleMfxTRBS5iYkwq4jdOzdXMdWxJjYCJSL
izdyB2lfR1UFK0Q6230HkIYqUVzaUC4hsS9nvin3jQB37W5UESXAextNCIgpSQ9N
Baf4t5q5ud3AkbR11rdb559e/wMLzGsyD4CML3HlJwgcf4ZHAtrKIVbbBRcGt86J
AgMBAAGjfDB6MAwGA1UdEwEB/wQCMAAwDgYDVR0PAQH/BAQDAgQwMB0GA1UdDgQW
BBQ0j1vwhAYDwOUlEFdLxqlBjF0t6TARBglghkgBhvhCAQEEBAMCBeAwKAYJYIZI
AYb4QgENBBsWGWV4YW1wbGUgY29tbWVudCBleHRlbnNpb24wDQYJKoZIhvcNAQEE
BQADgYEANQTg2dSEXNPVBJYPSSEe6jLuFbAF7mULievq90yRzPDvXpzdBDxnevbg
A2bkXJJUJ3CimwvSg2WVgu4VK+fJMFiXBZthHjkcjGbPydtO7f+WeQKaEUK7EZe1
rNGBhbyz/1RpgXRwAw+oBp/Ii9ZoNsde1qD4hkP3OOlTTQNP2kg=
-----END CERTIFICATE-----
---
Server certificate
subject=/C=cn/O=hotmail.com/CN=hotmai.com
issuer=/C=cn/O=hotmail.com/CN=hotmai.com
---
No client certificate CA names sent
---
SSL handshake has read 783 bytes and written 328 bytes
---
New, TLSv1/SSLv3, Cipher is AES256-SHA
Server public key is 1024 bit
Secure Renegotiation IS supported
Compression: NONE
Expansion: NONE
SSL-Session:
    Protocol  : TLSv1
    Cipher    : AES256-SHA
    Session-ID: 759BC6DB6FB7B59CBA98BCE731D23F0F788C8ECD55F3B280D6EE3D078B86159C
    Session-ID-ctx:
    Master-Key: E7ECC1208E6A287532D6093063917915199DCA3FC901D9B4B621646E61B98142665CCBDD9D858B430AF783CA469935BC
    Key-Arg   : None
    Start Time: 1412431500
    Timeout   : 300 (sec)
    Verify return code: 21 (unable to verify the first certificate)
---
DONE
