$ openssl s_client -showcerts -connect login.live.com:443 < /dev/null > real.login.live.com.log
CONNECTED(00000003)
---
Certificate chain
 0 s:/1.3.6.1.4.1.311.60.2.1.3=US/1.3.6.1.4.1.311.60.2.1.2=Washington/2.5.4.15=Private Organization/serialNumber=600413485/C=US/postalCode=98052/ST=Washington/L=Redmond/streetAddress=1 Microsoft Way/O=Microsoft Corporation/OU=MSA/CN=login.live.com
   i:/C=US/O=VeriSign, Inc./OU=VeriSign Trust Network/OU=Terms of use at https://www.verisign.com/rpa (c)06/CN=VeriSign Class 3 Extended Validation SSL SGC CA
-----BEGIN CERTIFICATE-----
MIIG1jCCBb6gAwIBAgIQYgNcAHdqYU6vQwxqXFbivTANBgkqhkiG9w0BAQUFADCB
vjELMAkGA1UEBhMCVVMxFzAVBgNVBAoTDlZlcmlTaWduLCBJbmMuMR8wHQYDVQQL
ExZWZXJpU2lnbiBUcnVzdCBOZXR3b3JrMTswOQYDVQQLEzJUZXJtcyBvZiB1c2Ug
YXQgaHR0cHM6Ly93d3cudmVyaXNpZ24uY29tL3JwYSAoYykwNjE4MDYGA1UEAxMv
VmVyaVNpZ24gQ2xhc3MgMyBFeHRlbmRlZCBWYWxpZGF0aW9uIFNTTCBTR0MgQ0Ew
HhcNMTMxMDIzMDAwMDAwWhcNMTQxMDIzMjM1OTU5WjCCAQoxEzARBgsrBgEEAYI3
PAIBAxMCVVMxGzAZBgsrBgEEAYI3PAIBAhMKV2FzaGluZ3RvbjEdMBsGA1UEDxMU
UHJpdmF0ZSBPcmdhbml6YXRpb24xEjAQBgNVBAUTCTYwMDQxMzQ4NTELMAkGA1UE
BhMCVVMxDjAMBgNVBBEUBTk4MDUyMRMwEQYDVQQIEwpXYXNoaW5ndG9uMRAwDgYD
VQQHFAdSZWRtb25kMRgwFgYDVQQJFA8xIE1pY3Jvc29mdCBXYXkxHjAcBgNVBAoU
FU1pY3Jvc29mdCBDb3Jwb3JhdGlvbjEMMAoGA1UECxQDTVNBMRcwFQYDVQQDFA5s
b2dpbi5saXZlLmNvbTCCASIwDQYJKoZIhvcNAQEBBQADggEPADCCAQoCggEBAKsy
zqj9s0mpt3qzoAJ/28uch+wg7kMQn7eUrNjdVfze3E6bKbQfXvEtr/cMOz6jK4kB
5Xi94Gdtb7VlhdjpXewTaV22g/vMXPy5YLMyoeH806mdPjAgnn0kE3lcECT8MOV6
XPvZERJvQpDpWMjoPUL0yG/daYOyJL8cZg9dcd+WWz2RTmJaqNFs7SwNg5wMF7/0
+zAf+UQGnQaAe/djeQFukUR+DqnT12AwF9DGcHCd0MYwIyxaf2ty2uHLZf4paS1h
fR4u3xpAKG/gT6XvaBqrrPJDX95qLyxG1KtsGKJ/WxtVkf08OXVgd61XBow0X+1C
wDlmRY8Y3WKsYeuymAsCAwEAAaOCAn8wggJ7MIHpBgNVHREEgeEwgd6CFWxvZ2lu
bmV0LnBhc3Nwb3J0LmNvbYIUbXNuaWEubG9naW4ubGl2ZS5jb22CIHBzdC5taWNy
b3NvZnRwYXNzcG9ydHN1cHBvcnQubmV0ghJhcGkubG9naW4ubGl2ZS5jb22CDmxv
Z2luLmxpdmUuY29tghR0b29scy5sb2dpbi5saXZlLmNvbYISeG1sLmxvZ2luLmxp
dmUuY29tghJuZXh1cy5wYXNzcG9ydC5jb22CEmxvZ2luLnBhc3Nwb3J0LmNvbYIX
bXNuaWFsb2dpbi5wYXNzcG9ydC5jb20wCQYDVR0TBAIwADAOBgNVHQ8BAf8EBAMC
BaAwNAYDVR0lBC0wKwYIKwYBBQUHAwEGCCsGAQUFBwMCBglghkgBhvhCBAEGCisG
AQQBgjcKAwMwRAYDVR0gBD0wOzA5BgtghkgBhvhFAQcXBjAqMCgGCCsGAQUFBwIB
FhxodHRwczovL3d3dy52ZXJpc2lnbi5jb20vY3BzMB0GA1UdDgQWBBR06/JgG3yi
UfpEhiAM2A3NdBNL0jAfBgNVHSMEGDAWgBROQ8gddu83U3pP8lhvlPM44tW93zA+
BgNVHR8ENzA1MDOgMaAvhi1odHRwOi8vRVZJbnRsLWNybC52ZXJpc2lnbi5jb20v
RVZJbnRsMjAwNi5jcmwwdgYIKwYBBQUHAQEEajBoMCsGCCsGAQUFBzABhh9odHRw
Oi8vRVZJbnRsLW9jc3AudmVyaXNpZ24uY29tMDkGCCsGAQUFBzAChi1odHRwOi8v
RVZJbnRsLWFpYS52ZXJpc2lnbi5jb20vRVZJbnRsMjAwNi5jZXIwDQYJKoZIhvcN
AQEFBQADggEBADjFh0ihXXpqoazUlSEb78BNT/MOatSDl+I83TqI7aOn4k+4SYaM
Fld49mVLZ5nCU8Ia4E5K0v6OZ7xoEfS3sML9kevj/FJ9v+7IDshovEwRfsuuGtax
LJqzwjay+geKPjQMYZWnYZWgc72r/hBdQookdP7RNhM5yDe/MyvO5FevG5bIK4iO
WCT1ByR/PGfB3RqxUgpWT6SI7XMS0nbv5+SHKsPXkZTBXiFYj3yzRSXH5iv0pu6Q
0VkKyEJCqGG5rOn+RexAHYvRSC0anR/UliYZq2vxG+xERJCKxsD+cbjcc46ID5Ps
VJYk+vaF7OhnI6pevulQN7zqoC6HO5QA4s0=
-----END CERTIFICATE-----
 1 s:/C=US/O=VeriSign, Inc./OU=VeriSign Trust Network/OU=Terms of use at https://www.verisign.com/rpa (c)06/CN=VeriSign Class 3 Extended Validation SSL SGC CA
   i:/C=US/O=VeriSign, Inc./OU=VeriSign Trust Network/OU=(c) 2006 VeriSign, Inc. - For authorized use only/CN=VeriSign Class 3 Public Primary Certification Authority - G5
-----BEGIN CERTIFICATE-----
MIIGCjCCBPKgAwIBAgIQESoAbTflEG/WynzD77rMGDANBgkqhkiG9w0BAQUFADCB
yjELMAkGA1UEBhMCVVMxFzAVBgNVBAoTDlZlcmlTaWduLCBJbmMuMR8wHQYDVQQL
ExZWZXJpU2lnbiBUcnVzdCBOZXR3b3JrMTowOAYDVQQLEzEoYykgMjAwNiBWZXJp
U2lnbiwgSW5jLiAtIEZvciBhdXRob3JpemVkIHVzZSBvbmx5MUUwQwYDVQQDEzxW
ZXJpU2lnbiBDbGFzcyAzIFB1YmxpYyBQcmltYXJ5IENlcnRpZmljYXRpb24gQXV0
aG9yaXR5IC0gRzUwHhcNMDYxMTA4MDAwMDAwWhcNMTYxMTA3MjM1OTU5WjCBvjEL
MAkGA1UEBhMCVVMxFzAVBgNVBAoTDlZlcmlTaWduLCBJbmMuMR8wHQYDVQQLExZW
ZXJpU2lnbiBUcnVzdCBOZXR3b3JrMTswOQYDVQQLEzJUZXJtcyBvZiB1c2UgYXQg
aHR0cHM6Ly93d3cudmVyaXNpZ24uY29tL3JwYSAoYykwNjE4MDYGA1UEAxMvVmVy
aVNpZ24gQ2xhc3MgMyBFeHRlbmRlZCBWYWxpZGF0aW9uIFNTTCBTR0MgQ0EwggEi
MA0GCSqGSIb3DQEBAQUAA4IBDwAwggEKAoIBAQC9Voi6iDRkZM/NyrDu5xlzxXLZ
u0W8taj/g74cA9vtibcuEBolvFXKQaGfC88ZXnC5XjlLnjEcX4euKqqoK6IbOxAj
XxOx3QiMThTag4HjtYzjaO0kZ85Wtqybc5ZE24qMs9bwcZOO23FUSutzWWqPcFEs
A5+X0cwRerxiDZUqyRx1V+n1x+q6hDXLx4VafuRN4RGXfQ4gNEXb8aIJ6+s9nriW
Q140SwglHkMaotm3igE0PcP45a9PjP/NZfAjTsWXs1zakByChQ0GDcEitnsopAPD
TFPRWLxyvAg5/KB2qKjpS26IPeOzMSWMcylIDjJ5Bu09Q/T25On8fb6OCNUfAgMB
AAGjggH0MIIB8DAdBgNVHQ4EFgQUTkPIHXbvN1N6T/JYb5TzOOLVvd8wEgYDVR0T
AQH/BAgwBgEB/wIBADA9BgNVHSAENjA0MDIGBFUdIAAwKjAoBggrBgEFBQcCARYc
aHR0cHM6Ly93d3cudmVyaXNpZ24uY29tL2NwczA9BgNVHR8ENjA0MDKgMKAuhixo
dHRwOi8vRVZTZWN1cmUtY3JsLnZlcmlzaWduLmNvbS9wY2EzLWc1LmNybDAgBgNV
HSUEGTAXBglghkgBhvhCBAEGCmCGSAGG+EUBCAEwDgYDVR0PAQH/BAQDAgEGMBEG
CWCGSAGG+EIBAQQEAwIBBjBtBggrBgEFBQcBDARhMF+hXaBbMFkwVzBVFglpbWFn
ZS9naWYwITAfMAcGBSsOAwIaBBSP5dMahqyNjmvDz4Bq1EgYLHsZLjAlFiNodHRw
Oi8vbG9nby52ZXJpc2lnbi5jb20vdnNsb2dvLmdpZjApBgNVHREEIjAgpB4wHDEa
MBgGA1UEAxMRQ2xhc3MzQ0EyMDQ4LTEtNDgwPQYIKwYBBQUHAQEEMTAvMC0GCCsG
AQUFBzABhiFodHRwOi8vRVZTZWN1cmUtb2NzcC52ZXJpc2lnbi5jb20wHwYDVR0j
BBgwFoAUf9Nlp8Ld7LvwMAnzQzn6Aq8zMTMwDQYJKoZIhvcNAQEFBQADggEBAFqi
sb/rjdQ4qIBywtw4Lqyncfkro7tHu21pbxA2mIzHVi67vKtKm3rW8oKT4BT+is6D
t4Pbk4errGV5Sf1XqbHOCR+6EBXECQ5i4/kKJdVkmPDyqA92Mn6R5hjuvOfa0E6N
eLvincBZK8DOlQ0kDHLKNF5wIokrSrDxaIfz7kSNKEB3OW5IckUxXWs5DoYC6maZ
kzEP32fepp+MnUzOcW86Ifa5ND/5btia9z7a84Ffelxtj3z2mXS3/+QXXe1hXqtI
u5aNZkU5tBIK9nDpnHYiS2DpKhs0Sfei1GfAsSatE7rZhAHBq+GObXAWO3eskZq7
Gh/aWKfkT8Fhrryi/ks=
-----END CERTIFICATE-----
 2 s:/C=US/O=VeriSign, Inc./OU=VeriSign Trust Network/OU=(c) 2006 VeriSign, Inc. - For authorized use only/CN=VeriSign Class 3 Public Primary Certification Authority - G5
   i:/C=US/O=VeriSign, Inc./OU=Class 3 Public Primary Certification Authority
-----BEGIN CERTIFICATE-----
MIIExjCCBC+gAwIBAgIQNZcxh/OHOgcyfs5YDJt+2jANBgkqhkiG9w0BAQUFADBf
MQswCQYDVQQGEwJVUzEXMBUGA1UEChMOVmVyaVNpZ24sIEluYy4xNzA1BgNVBAsT
LkNsYXNzIDMgUHVibGljIFByaW1hcnkgQ2VydGlmaWNhdGlvbiBBdXRob3JpdHkw
HhcNMDYxMTA4MDAwMDAwWhcNMjExMTA3MjM1OTU5WjCByjELMAkGA1UEBhMCVVMx
FzAVBgNVBAoTDlZlcmlTaWduLCBJbmMuMR8wHQYDVQQLExZWZXJpU2lnbiBUcnVz
dCBOZXR3b3JrMTowOAYDVQQLEzEoYykgMjAwNiBWZXJpU2lnbiwgSW5jLiAtIEZv
ciBhdXRob3JpemVkIHVzZSBvbmx5MUUwQwYDVQQDEzxWZXJpU2lnbiBDbGFzcyAz
IFB1YmxpYyBQcmltYXJ5IENlcnRpZmljYXRpb24gQXV0aG9yaXR5IC0gRzUwggEi
MA0GCSqGSIb3DQEBAQUAA4IBDwAwggEKAoIBAQCvJAgIKXo1nmAMqudLO07cfLw8
RRy7K+D+KQL5VwijZIUVJ/XxrcgxiV0i6CqqpkKzj/i5Vbext0uz/o9+B1fs70Pb
ZmIVYc9gDaTY3vjgw2IIPVQT60nKWVSFJuUrjxuf6/WhkcIzSdhDY2pSS9KP6HBR
TdGJaXvHcPaz3BJ023tdS1bTlr8Vd6Gw9KIl8q8ckmcY5fQGBO+QueQA5N06tRn/
Arr0PO7gi+s3i+z016zy9vA9r911kTMZHRxAy3QkGSGT2RT+rCpSx4/VBEnkjWNH
iDxpg8v+R70rfk/Fla4OndTRQ8Bnc+MUCH7lP59zuDMKz10/NIeWiu5T6CUVAgMB
AAGjggGRMIIBjTAPBgNVHRMBAf8EBTADAQH/MDEGA1UdHwQqMCgwJqAkoCKGIGh0
dHA6Ly9jcmwudmVyaXNpZ24uY29tL3BjYTMuY3JsMA4GA1UdDwEB/wQEAwIBBjA9
BgNVHSAENjA0MDIGBFUdIAAwKjAoBggrBgEFBQcCARYcaHR0cHM6Ly93d3cudmVy
aXNpZ24uY29tL2NwczAdBgNVHQ4EFgQUf9Nlp8Ld7LvwMAnzQzn6Aq8zMTMwNAYD
VR0lBC0wKwYJYIZIAYb4QgQBBgpghkgBhvhFAQgBBggrBgEFBQcDAQYIKwYBBQUH
AwIwbQYIKwYBBQUHAQwEYTBfoV2gWzBZMFcwVRYJaW1hZ2UvZ2lmMCEwHzAHBgUr
DgMCGgQUj+XTGoasjY5rw8+AatRIGCx7GS4wJRYjaHR0cDovL2xvZ28udmVyaXNp
Z24uY29tL3ZzbG9nby5naWYwNAYIKwYBBQUHAQEEKDAmMCQGCCsGAQUFBzABhhho
dHRwOi8vb2NzcC52ZXJpc2lnbi5jb20wDQYJKoZIhvcNAQEFBQADgYEADyWuSO0b
M4VMDLXC1/5N1oMoTEFlYAALd0hxgv5/21oOIMzS6ke8ZEJhRDR0MIGBJopK90Rd
fjSAqLiD4gnXbSPdie0oCL1jWhFXCMSe2uJoKK/dUDzsgiHYAMJVRFBwQa2DF3m6
CPMr3u00HUSe0gST9MsFFy0JLS1j7/YmC3s=
-----END CERTIFICATE-----
---
Server certificate
subject=/1.3.6.1.4.1.311.60.2.1.3=US/1.3.6.1.4.1.311.60.2.1.2=Washington/2.5.4.15=Private Organization/serialNumber=600413485/C=US/postalCode=98052/ST=Washington/L=Redmond/streetAddress=1 Microsoft Way/O=Microsoft Corporation/OU=MSA/CN=login.live.com
issuer=/C=US/O=VeriSign, Inc./OU=VeriSign Trust Network/OU=Terms of use at https://www.verisign.com/rpa (c)06/CN=VeriSign Class 3 Extended Validation SSL SGC CA
---
No client certificate CA names sent
---
SSL handshake has read 4695 bytes and written 447 bytes
---
New, TLSv1/SSLv3, Cipher is AES256-SHA
Server public key is 2048 bit
Secure Renegotiation IS supported
Compression: NONE
Expansion: NONE
SSL-Session:
    Protocol  : TLSv1
    Cipher    : AES256-SHA
    Session-ID: E80400003B5F06E57E77B46334764BE1EDB9467C207D22AB2C324E313EFFEB33
    Session-ID-ctx: 
    Master-Key: E3DE600269BAEDFC8E291D2D8E89C1FD36ED2BB298C63BBD6B0150C7E8E945F42F834D7C0530B7AB287F7138266C5F2A
    Key-Arg   : None
    Start Time: 1412431885
    Timeout   : 300 (sec)
    Verify return code: 20 (unable to get local issuer certificate)
---
